\BOOKMARK [1][-]{section.1}{\376\377\000C\000o\000u\000r\000s\000e\000\040\000I\000n\000f\000o\000r\000m\000a\000t\000i\000o\000n}{}% 1
\BOOKMARK [1][-]{section.2}{\376\377\000I\000n\000s\000t\000r\000u\000c\000t\000o\000r\000\040\000I\000n\000f\000o\000r\000m\000a\000t\000i\000o\000n}{}% 2
\BOOKMARK [1][-]{section.3}{\376\377\000C\000o\000u\000r\000s\000e\000\040\000D\000e\000s\000c\000r\000i\000p\000t\000i\000o\000n}{}% 3
\BOOKMARK [1][-]{section.4}{\376\377\000T\000e\000x\000t\000b\000o\000o\000k\000s\000\040\000a\000n\000d\000\040\000M\000a\000t\000e\000r\000i\000a\000l\000s}{}% 4
\BOOKMARK [1][-]{section.5}{\376\377\000C\000l\000a\000s\000s\000r\000o\000o\000m\000\040\000E\000x\000p\000e\000c\000t\000a\000t\000i\000o\000n\000s\000/\000N\000o\000r\000m\000s}{}% 5
\BOOKMARK [1][-]{section.6}{\376\377\000C\000l\000a\000s\000s\000r\000o\000o\000m\000\040\000P\000r\000o\000c\000e\000e\000d\000u\000r\000e\000s}{}% 6
\BOOKMARK [1][-]{section.7}{\376\377\000C\000o\000u\000r\000s\000e\000\040\000O\000b\000j\000e\000c\000t\000i\000v\000e\000s}{}% 7
\BOOKMARK [2][-]{subsection.7.1}{\376\377\000T\000h\000e\000\040\000P\000e\000r\000i\000o\000d\000i\000c\000\040\000T\000a\000b\000l\000e}{section.7}% 8
\BOOKMARK [2][-]{subsection.7.2}{\376\377\000A\000t\000o\000m\000i\000c\000\040\000S\000t\000r\000u\000c\000t\000u\000r\000e}{section.7}% 9
\BOOKMARK [2][-]{subsection.7.3}{\376\377\000P\000e\000r\000o\000i\000d\000i\000c\000i\000t\000y\000\040\000a\000n\000d\000\040\000E\000l\000e\000c\000t\000r\000o\000n\000\040\000A\000r\000r\000a\000n\000g\000e\000m\000e\000n\000t}{section.7}% 10
\BOOKMARK [2][-]{subsection.7.4}{\376\377\000C\000h\000e\000m\000i\000c\000a\000l\000\040\000B\000o\000n\000d\000i\000n\000g}{section.7}% 11
\BOOKMARK [2][-]{subsection.7.5}{\376\377\000T\000h\000e\000\040\000M\000o\000l\000e\000\040\000C\000o\000n\000c\000e\000p\000t}{section.7}% 12
\BOOKMARK [2][-]{subsection.7.6}{\376\377\000S\000t\000o\000i\000c\000h\000i\000o\000m\000e\000t\000r\000y}{section.7}% 13
\BOOKMARK [2][-]{subsection.7.7}{\376\377\000K\000i\000n\000e\000t\000i\000c\000\040\000M\000o\000t\000i\000o\000n\000\040\000o\000f\000\040\000G\000a\000s\000e\000s}{section.7}% 14
\BOOKMARK [2][-]{subsection.7.8}{\376\377\000T\000h\000e\000\040\000G\000a\000s\000\040\000L\000a\000w\000s}{section.7}% 15
\BOOKMARK [2][-]{subsection.7.9}{\376\377\000S\000o\000l\000u\000t\000i\000o\000n\000s}{section.7}% 16
\BOOKMARK [2][-]{subsection.7.10}{\376\377\000C\000h\000e\000m\000i\000c\000a\000l\000\040\000E\000q\000u\000i\000l\000i\000b\000r\000i\000u\000m}{section.7}% 17
\BOOKMARK [2][-]{subsection.7.11}{\376\377\000A\000c\000i\000d\000s\000\040\000a\000n\000d\000\040\000B\000a\000s\000e\000s}{section.7}% 18
\BOOKMARK [2][-]{subsection.7.12}{\376\377\000A\000c\000i\000d\000/\000B\000a\000s\000e\000\040\000e\000q\000u\000i\000l\000i\000b\000r\000i\000u\000m}{section.7}% 19
\BOOKMARK [2][-]{subsection.7.13}{\376\377\000C\000h\000e\000m\000i\000c\000a\000l\000\040\000T\000h\000e\000r\000m\000o\000d\000y\000n\000a\000m\000i\000c\000s}{section.7}% 20
\BOOKMARK [2][-]{subsection.7.14}{\376\377\000O\000r\000g\000a\000n\000i\000c\000\040\000C\000h\000e\000m\000i\000s\000t\000r\000y}{section.7}% 21
\BOOKMARK [2][-]{subsection.7.15}{\376\377\000N\000u\000c\000l\000e\000a\000r\000\040\000C\000h\000e\000m\000i\000s\000t\000r\000y}{section.7}% 22
\BOOKMARK [2][-]{subsection.7.16}{\376\377\000N\000u\000c\000l\000e\000a\000r\000\040\000E\000n\000e\000r\000g\000y}{section.7}% 23
\BOOKMARK [2][-]{subsection.7.17}{\376\377\000P\000a\000r\000t\000i\000c\000l\000e\000\040\000P\000h\000y\000s\000i\000c\000s}{section.7}% 24
\BOOKMARK [1][-]{section.8}{\376\377\000G\000r\000a\000d\000i\000n\000g\000\040\000P\000o\000l\000i\000c\000y}{}% 25
